

Version:	3.50
CmdLine:	D:\TuanNC15\Swing-6\Buoi7\DeThi301\dist\DeThi301.exe --l4j-debug
JNI:		No
WOW64:		Yes
Working dir:	D:\TuanNC15\Swing-6\Buoi7\DeThi301\dist\.
Requires JDK:	No
Requires 64-Bit: No
Java min ver:	
Java max ver:	
Substitute:	JAVA_HOME = 
Substitute:	PATH = C:\Program Files\Common Files\Oracle\Java\javapath;C:\WINDOWS\system32;C:\WINDOWS;C:\WINDOWS\System32\Wbem;C:\WINDOWS\System32\WindowsPowerShell\v1.0\;C:\WINDOWS\System32\OpenSSH\;C:\Program Files\Microsoft SQL Server\150\Tools\Binn\;C:\Program Files\Microsoft SQL Server\Client SDK\ODBC\170\Tools\Binn\;C:\Program Files\nodejs\;C:\Program Files\dotnet\;C:\Program Files (x86)\Microsoft SQL Server\160\DTS\Binn\;C:\Program Files (x86)\Microsoft SQL Server\160\Tools\Binn\;C:\Program Files\Microsoft SQL Server\160\Tools\Binn\;C:\Program Files\Microsoft SQL Server\160\DTS\Binn\;D:\Program Files\Git\cmd;C:\Users\nctua\AppData\Local\Microsoft\WindowsApps;C:\Users\nctua\AppData\Local\Programs\Microsoft VS Code\bin;C:\Users\nctua\AppData\Roaming\npm;C:\Users\nctua\.dotnet\tools;C:\Program Files\Azure Data Studio\bin;C:\Users\nctua\AppData\Local\GitHubDesktop\bin;D:\Program Files\Java\jdk-20\bin
JRE paths:	;C:\Program Files\Common Files\Oracle\Java\javapath;C:\WINDOWS\system32;C:\WINDOWS;C:\WINDOWS\System32\Wbem;C:\WINDOWS\System32\WindowsPowerShell\v1.0\;C:\WINDOWS\System32\OpenSSH\;C:\Program Files\Microsoft SQL Server\150\Tools\Binn\;C:\Program Files\Microsoft SQL Server\Client SDK\ODBC\170\Tools\Binn\;C:\Program Files\nodejs\;C:\Program Files\dotnet\;C:\Program Files (x86)\Microsoft SQL Server\160\DTS\Binn\;C:\Program Files (x86)\Microsoft SQL Server\160\Tools\Binn\;C:\Program Files\Microsoft SQL Server\160\Tools\Binn\;C:\Program Files\Microsoft SQL Server\160\DTS\Binn\;D:\Program Files\Git\cmd;C:\Users\nctua\AppData\Local\Microsoft\WindowsApps;C:\Users\nctua\AppData\Local\Programs\Microsoft VS Code\bin;C:\Users\nctua\AppData\Roaming\npm;C:\Users\nctua\.dotnet\tools;C:\Program Files\Azure Data Studio\bin;C:\Users\nctua\AppData\Local\GitHubDesktop\bin;D:\Program Files\Java\jdk-20\bin
Check launcher:	C:\Program Files\Common Files\Oracle\Java\javapath\bin\javaw.exe (not found)
Check launcher:	C:\WINDOWS\system32\bin\javaw.exe (not found)
Check launcher:	C:\WINDOWS\bin\javaw.exe (not found)
Check launcher:	C:\WINDOWS\System32\Wbem\bin\javaw.exe (not found)
Check launcher:	C:\WINDOWS\System32\WindowsPowerShell\v1.0\bin\javaw.exe (not found)
Check launcher:	C:\WINDOWS\System32\OpenSSH\bin\javaw.exe (not found)
Check launcher:	C:\Program Files\Microsoft SQL Server\150\Tools\Binn\bin\javaw.exe (not found)
Check launcher:	C:\Program Files\Microsoft SQL Server\Client SDK\ODBC\170\Tools\Binn\bin\javaw.exe (not found)
Check launcher:	C:\Program Files\nodejs\bin\javaw.exe (not found)
Check launcher:	C:\Program Files\dotnet\bin\javaw.exe (not found)
Check launcher:	C:\Program Files (x86)\Microsoft SQL Server\160\DTS\Binn\bin\javaw.exe (not found)
Check launcher:	C:\Program Files (x86)\Microsoft SQL Server\160\Tools\Binn\bin\javaw.exe (not found)
Check launcher:	C:\Program Files\Microsoft SQL Server\160\Tools\Binn\bin\javaw.exe (not found)
Check launcher:	C:\Program Files\Microsoft SQL Server\160\DTS\Binn\bin\javaw.exe (not found)
Check launcher:	D:\Program Files\Git\cmd\bin\javaw.exe (not found)
Check launcher:	C:\Users\nctua\AppData\Local\Microsoft\WindowsApps\bin\javaw.exe (not found)
Check launcher:	C:\Users\nctua\AppData\Local\Programs\Microsoft VS Code\bin\javaw.exe (not found)
Check launcher:	C:\Users\nctua\AppData\Roaming\npm\bin\javaw.exe (not found)
Check launcher:	C:\Users\nctua\.dotnet\tools\bin\javaw.exe (not found)
Check launcher:	C:\Program Files\Azure Data Studio\bin\javaw.exe (not found)
Check launcher:	C:\Users\nctua\AppData\Local\GitHubDesktop\bin\javaw.exe (not found)
Check launcher:	D:\Program Files\Java\jdk-20\bin\javaw.exe (OK)
Version string: 1.020.000_002 / 64-Bit (OK)
Launcher:	D:\Program Files\Java\jdk-20\bin\javaw.exe
Launcher args:	-jar "D:\TuanNC15\Swing-6\Buoi7\DeThi301\dist\DeThi301.exe"
Args length:	59/32768 chars
Exit code:	0


Version:	3.50
CmdLine:	D:\TuanNC15\Swing-6\Buoi7\DeThi301\dist\DeThi301.exe --l4j-debug
JNI:		No
WOW64:		Yes
Working dir:	D:\TuanNC15\Swing-6\Buoi7\DeThi301\dist\.
Requires JDK:	No
Requires 64-Bit: No
Java min ver:	
Java max ver:	
Substitute:	JAVA_HOME = 
Substitute:	PATH = C:\Program Files\Common Files\Oracle\Java\javapath;C:\WINDOWS\system32;C:\WINDOWS;C:\WINDOWS\System32\Wbem;C:\WINDOWS\System32\WindowsPowerShell\v1.0\;C:\WINDOWS\System32\OpenSSH\;C:\Program Files\Microsoft SQL Server\150\Tools\Binn\;C:\Program Files\Microsoft SQL Server\Client SDK\ODBC\170\Tools\Binn\;C:\Program Files\nodejs\;C:\Program Files\dotnet\;C:\Program Files (x86)\Microsoft SQL Server\160\DTS\Binn\;C:\Program Files (x86)\Microsoft SQL Server\160\Tools\Binn\;C:\Program Files\Microsoft SQL Server\160\Tools\Binn\;C:\Program Files\Microsoft SQL Server\160\DTS\Binn\;D:\Program Files\Git\cmd;C:\Users\nctua\AppData\Local\Microsoft\WindowsApps;C:\Users\nctua\AppData\Local\Programs\Microsoft VS Code\bin;C:\Users\nctua\AppData\Roaming\npm;C:\Users\nctua\.dotnet\tools;C:\Program Files\Azure Data Studio\bin;C:\Users\nctua\AppData\Local\GitHubDesktop\bin;D:\Program Files\Java\jdk-20\bin
JRE paths:	;C:\Program Files\Common Files\Oracle\Java\javapath;C:\WINDOWS\system32;C:\WINDOWS;C:\WINDOWS\System32\Wbem;C:\WINDOWS\System32\WindowsPowerShell\v1.0\;C:\WINDOWS\System32\OpenSSH\;C:\Program Files\Microsoft SQL Server\150\Tools\Binn\;C:\Program Files\Microsoft SQL Server\Client SDK\ODBC\170\Tools\Binn\;C:\Program Files\nodejs\;C:\Program Files\dotnet\;C:\Program Files (x86)\Microsoft SQL Server\160\DTS\Binn\;C:\Program Files (x86)\Microsoft SQL Server\160\Tools\Binn\;C:\Program Files\Microsoft SQL Server\160\Tools\Binn\;C:\Program Files\Microsoft SQL Server\160\DTS\Binn\;D:\Program Files\Git\cmd;C:\Users\nctua\AppData\Local\Microsoft\WindowsApps;C:\Users\nctua\AppData\Local\Programs\Microsoft VS Code\bin;C:\Users\nctua\AppData\Roaming\npm;C:\Users\nctua\.dotnet\tools;C:\Program Files\Azure Data Studio\bin;C:\Users\nctua\AppData\Local\GitHubDesktop\bin;D:\Program Files\Java\jdk-20\bin
Check launcher:	C:\Program Files\Common Files\Oracle\Java\javapath\bin\javaw.exe (not found)
Check launcher:	C:\WINDOWS\system32\bin\javaw.exe (not found)
Check launcher:	C:\WINDOWS\bin\javaw.exe (not found)
Check launcher:	C:\WINDOWS\System32\Wbem\bin\javaw.exe (not found)
Check launcher:	C:\WINDOWS\System32\WindowsPowerShell\v1.0\bin\javaw.exe (not found)
Check launcher:	C:\WINDOWS\System32\OpenSSH\bin\javaw.exe (not found)
Check launcher:	C:\Program Files\Microsoft SQL Server\150\Tools\Binn\bin\javaw.exe (not found)
Check launcher:	C:\Program Files\Microsoft SQL Server\Client SDK\ODBC\170\Tools\Binn\bin\javaw.exe (not found)
Check launcher:	C:\Program Files\nodejs\bin\javaw.exe (not found)
Check launcher:	C:\Program Files\dotnet\bin\javaw.exe (not found)
Check launcher:	C:\Program Files (x86)\Microsoft SQL Server\160\DTS\Binn\bin\javaw.exe (not found)
Check launcher:	C:\Program Files (x86)\Microsoft SQL Server\160\Tools\Binn\bin\javaw.exe (not found)
Check launcher:	C:\Program Files\Microsoft SQL Server\160\Tools\Binn\bin\javaw.exe (not found)
Check launcher:	C:\Program Files\Microsoft SQL Server\160\DTS\Binn\bin\javaw.exe (not found)
Check launcher:	D:\Program Files\Git\cmd\bin\javaw.exe (not found)
Check launcher:	C:\Users\nctua\AppData\Local\Microsoft\WindowsApps\bin\javaw.exe (not found)
Check launcher:	C:\Users\nctua\AppData\Local\Programs\Microsoft VS Code\bin\javaw.exe (not found)
Check launcher:	C:\Users\nctua\AppData\Roaming\npm\bin\javaw.exe (not found)
Check launcher:	C:\Users\nctua\.dotnet\tools\bin\javaw.exe (not found)
Check launcher:	C:\Program Files\Azure Data Studio\bin\javaw.exe (not found)
Check launcher:	C:\Users\nctua\AppData\Local\GitHubDesktop\bin\javaw.exe (not found)
Check launcher:	D:\Program Files\Java\jdk-20\bin\javaw.exe (OK)
Version string: 1.020.000_002 / 64-Bit (OK)
Launcher:	D:\Program Files\Java\jdk-20\bin\javaw.exe
Launcher args:	-jar "D:\TuanNC15\Swing-6\Buoi7\DeThi301\dist\DeThi301.exe"
Args length:	59/32768 chars
Exit code:	0


Version:	3.50
CmdLine:	D:\TuanNC15\Swing-6\Buoi7\DeThi301\dist\DeThi301.exe --l4j-debug
JNI:		No
WOW64:		Yes
Working dir:	D:\TuanNC15\Swing-6\Buoi7\DeThi301\dist\.
Requires JDK:	No
Requires 64-Bit: No
Java min ver:	
Java max ver:	
Substitute:	JAVA_HOME = 
Substitute:	PATH = C:\Program Files\Common Files\Oracle\Java\javapath;C:\WINDOWS\system32;C:\WINDOWS;C:\WINDOWS\System32\Wbem;C:\WINDOWS\System32\WindowsPowerShell\v1.0\;C:\WINDOWS\System32\OpenSSH\;C:\Program Files\Microsoft SQL Server\150\Tools\Binn\;C:\Program Files\Microsoft SQL Server\Client SDK\ODBC\170\Tools\Binn\;C:\Program Files\nodejs\;C:\Program Files\dotnet\;C:\Program Files (x86)\Microsoft SQL Server\160\DTS\Binn\;C:\Program Files (x86)\Microsoft SQL Server\160\Tools\Binn\;C:\Program Files\Microsoft SQL Server\160\Tools\Binn\;C:\Program Files\Microsoft SQL Server\160\DTS\Binn\;D:\Program Files\Git\cmd;C:\Users\nctua\AppData\Local\Microsoft\WindowsApps;C:\Users\nctua\AppData\Local\Programs\Microsoft VS Code\bin;C:\Users\nctua\AppData\Roaming\npm;C:\Users\nctua\.dotnet\tools;C:\Program Files\Azure Data Studio\bin;C:\Users\nctua\AppData\Local\GitHubDesktop\bin;D:\Program Files\Java\jdk-20\bin
JRE paths:	;C:\Program Files\Common Files\Oracle\Java\javapath;C:\WINDOWS\system32;C:\WINDOWS;C:\WINDOWS\System32\Wbem;C:\WINDOWS\System32\WindowsPowerShell\v1.0\;C:\WINDOWS\System32\OpenSSH\;C:\Program Files\Microsoft SQL Server\150\Tools\Binn\;C:\Program Files\Microsoft SQL Server\Client SDK\ODBC\170\Tools\Binn\;C:\Program Files\nodejs\;C:\Program Files\dotnet\;C:\Program Files (x86)\Microsoft SQL Server\160\DTS\Binn\;C:\Program Files (x86)\Microsoft SQL Server\160\Tools\Binn\;C:\Program Files\Microsoft SQL Server\160\Tools\Binn\;C:\Program Files\Microsoft SQL Server\160\DTS\Binn\;D:\Program Files\Git\cmd;C:\Users\nctua\AppData\Local\Microsoft\WindowsApps;C:\Users\nctua\AppData\Local\Programs\Microsoft VS Code\bin;C:\Users\nctua\AppData\Roaming\npm;C:\Users\nctua\.dotnet\tools;C:\Program Files\Azure Data Studio\bin;C:\Users\nctua\AppData\Local\GitHubDesktop\bin;D:\Program Files\Java\jdk-20\bin
Check launcher:	C:\Program Files\Common Files\Oracle\Java\javapath\bin\javaw.exe (not found)
Check launcher:	C:\WINDOWS\system32\bin\javaw.exe (not found)
Check launcher:	C:\WINDOWS\bin\javaw.exe (not found)
Check launcher:	C:\WINDOWS\System32\Wbem\bin\javaw.exe (not found)
Check launcher:	C:\WINDOWS\System32\WindowsPowerShell\v1.0\bin\javaw.exe (not found)
Check launcher:	C:\WINDOWS\System32\OpenSSH\bin\javaw.exe (not found)
Check launcher:	C:\Program Files\Microsoft SQL Server\150\Tools\Binn\bin\javaw.exe (not found)
Check launcher:	C:\Program Files\Microsoft SQL Server\Client SDK\ODBC\170\Tools\Binn\bin\javaw.exe (not found)
Check launcher:	C:\Program Files\nodejs\bin\javaw.exe (not found)
Check launcher:	C:\Program Files\dotnet\bin\javaw.exe (not found)
Check launcher:	C:\Program Files (x86)\Microsoft SQL Server\160\DTS\Binn\bin\javaw.exe (not found)
Check launcher:	C:\Program Files (x86)\Microsoft SQL Server\160\Tools\Binn\bin\javaw.exe (not found)
Check launcher:	C:\Program Files\Microsoft SQL Server\160\Tools\Binn\bin\javaw.exe (not found)
Check launcher:	C:\Program Files\Microsoft SQL Server\160\DTS\Binn\bin\javaw.exe (not found)
Check launcher:	D:\Program Files\Git\cmd\bin\javaw.exe (not found)
Check launcher:	C:\Users\nctua\AppData\Local\Microsoft\WindowsApps\bin\javaw.exe (not found)
Check launcher:	C:\Users\nctua\AppData\Local\Programs\Microsoft VS Code\bin\javaw.exe (not found)
Check launcher:	C:\Users\nctua\AppData\Roaming\npm\bin\javaw.exe (not found)
Check launcher:	C:\Users\nctua\.dotnet\tools\bin\javaw.exe (not found)
Check launcher:	C:\Program Files\Azure Data Studio\bin\javaw.exe (not found)
Check launcher:	C:\Users\nctua\AppData\Local\GitHubDesktop\bin\javaw.exe (not found)
Check launcher:	D:\Program Files\Java\jdk-20\bin\javaw.exe (OK)
Version string: 1.020.000_002 / 64-Bit (OK)
Launcher:	D:\Program Files\Java\jdk-20\bin\javaw.exe
Launcher args:	-jar "D:\TuanNC15\Swing-6\Buoi7\DeThi301\dist\DeThi301.exe"
Args length:	59/32768 chars
Exit code:	0


Version:	3.50
CmdLine:	D:\TuanNC15\Swing-6\Buoi7\DeThi301\dist\DeThi301.exe --l4j-debug
JNI:		No
WOW64:		Yes
Working dir:	D:\TuanNC15\Swing-6\Buoi7\DeThi301\dist\.
Requires JDK:	No
Requires 64-Bit: No
Java min ver:	
Java max ver:	
JRE paths:	C:\Program Files\Common Files\Oracle\Java\javapath
Check launcher:	C:\Program Files\Common Files\Oracle\Java\javapath\bin\javaw.exe (not found)
Error msg:	This application requires a Java Runtime Environment.


Version:	3.50
CmdLine:	D:\TuanNC15\Swing-6\Buoi7\DeThi301\dist\DeThi301.exe --l4j-debug
JNI:		No
WOW64:		Yes
Working dir:	D:\TuanNC15\Swing-6\Buoi7\DeThi301\dist\.
Requires JDK:	No
Requires 64-Bit: No
Java min ver:	
Java max ver:	
JRE paths:	D:\Program Files\Java\jdk-20\bin
Check launcher:	D:\Program Files\Java\jdk-20\bin\javaw.exe (OK)
Version string: 1.020.000_002 / 64-Bit (OK)
Launcher:	D:\Program Files\Java\jdk-20\bin\javaw.exe
Launcher args:	-jar "D:\TuanNC15\Swing-6\Buoi7\DeThi301\dist\DeThi301.exe"
Args length:	59/32768 chars
Exit code:	0
